<?xml version="1.0" encoding="UTF-8"?>
<!-- Generated by org.testng.reporters.JUnitXMLReporter -->
<testsuite ignored="8" hostname="Pooja" failures="0" tests="4" name="Test1" time="32.351" errors="0" timestamp="2025-06-03T08:47:54 IST">
  <testcase classname="contact.Contact$CreateContact" name="createcontact" time="8.31"/>
  <testcase classname="campaign.Campaign$CreateCampaignTest" name="CreateCampaignWithMandatoryFieldsTest" time="1.755"/>
  <testcase classname="campaign.Campaign$CreateCampaignTest" name="createCampaignWithExpectedCloseDateTest" time="2.141"/>
  <testcase classname="campaign.Campaign$CreateCampaignTest" name="createCampaignWithStatusTest" time="2.382"/>
  <testcase classname="baseclass.BaseClass" name="@AfterSuite afterSuite" time="0.0">
    <ignored/>
  </testcase> <!-- @AfterSuite afterSuite -->
  <testcase classname="baseclass.BaseClass" name="@BeforeSuite beforeSuite" time="0.0">
    <ignored/>
  </testcase> <!-- @BeforeSuite beforeSuite -->
  <testcase classname="baseclass.BaseClass" name="@AfterTest afterTest" time="0.0">
    <ignored/>
  </testcase> <!-- @AfterTest afterTest -->
  <testcase classname="baseclass.BaseClass" name="@BeforeTest beforeTest" time="0.0">
    <ignored/>
  </testcase> <!-- @BeforeTest beforeTest -->
  <testcase classname="baseclass.BaseClass" name="@AfterSuite afterSuite" time="0.0">
    <ignored/>
  </testcase> <!-- @AfterSuite afterSuite -->
  <testcase classname="baseclass.BaseClass" name="@BeforeSuite beforeSuite" time="0.0">
    <ignored/>
  </testcase> <!-- @BeforeSuite beforeSuite -->
  <testcase classname="baseclass.BaseClass" name="@AfterTest afterTest" time="0.0">
    <ignored/>
  </testcase> <!-- @AfterTest afterTest -->
  <testcase classname="baseclass.BaseClass" name="@BeforeTest beforeTest" time="0.0">
    <ignored/>
  </testcase> <!-- @BeforeTest beforeTest -->
</testsuite> <!-- Test1 -->
